2024-01-07T17:19:19.441Z - Temperature: 28.0 Time: 2024-01-07T17:19:19.434Z
2024-01-07T17:19:20.440Z - Temperature: 20.3 Time: 2024-01-07T17:19:20.434Z
2024-01-07T17:19:20.617Z - Humidity: 82.8 Time: 2024-01-07T17:19:20.611Z
2024-01-07T17:19:21.442Z - Temperature: 28.6 Time: 2024-01-07T17:19:21.436Z
2024-01-07T17:19:22.441Z - Temperature: 29.5 Time: 2024-01-07T17:19:22.437Z
2024-01-07T17:19:22.616Z - Humidity: 88.1 Time: 2024-01-07T17:19:22.612Z
2024-01-07T17:19:23.443Z - Temperature: 24.8 Time: 2024-01-07T17:19:23.437Z
2024-01-07T17:19:24.443Z - Temperature: 29.1 Time: 2024-01-07T17:19:24.438Z
2024-01-07T17:19:24.617Z - Humidity: 86.4 Time: 2024-01-07T17:19:24.614Z
2024-01-07T17:19:25.442Z - Temperature: 28.5 Time: 2024-01-07T17:19:25.438Z
2024-01-07T17:19:26.442Z - Temperature: 23.8 Time: 2024-01-07T17:19:26.439Z
2024-01-07T17:19:27.441Z - Temperature: 24.5 Time: 2024-01-07T17:19:27.439Z
2024-01-07T17:19:28.443Z - Temperature: 28.1 Time: 2024-01-07T17:19:28.440Z
2024-01-07T17:19:29.444Z - Temperature: 29.5 Time: 2024-01-07T17:19:29.441Z
2024-01-07T17:19:30.444Z - Temperature: 28.2 Time: 2024-01-07T17:19:30.441Z
2024-01-07T17:19:31.444Z - Temperature: 25.6 Time: 2024-01-07T17:19:31.442Z
2024-01-07T17:19:32.446Z - Temperature: 24.2 Time: 2024-01-07T17:19:32.443Z
2024-01-07T17:19:33.447Z - Temperature: 24.7 Time: 2024-01-07T17:19:33.444Z
2024-01-07T17:19:34.447Z - Temperature: 26.3 Time: 2024-01-07T17:19:34.445Z
2024-01-07T17:19:35.448Z - Temperature: 20.8 Time: 2024-01-07T17:19:35.446Z
2024-01-07T17:19:36.450Z - Temperature: 29.2 Time: 2024-01-07T17:19:36.447Z
2024-01-07T17:19:37.454Z - Temperature: 24.7 Time: 2024-01-07T17:19:37.449Z
2024-01-07T17:19:38.457Z - Temperature: 29.1 Time: 2024-01-07T17:19:38.449Z
2024-01-07T17:19:38.637Z - Humidity: 88.4 Time: 2024-01-07T17:19:38.633Z
2024-01-07T17:19:39.453Z - Temperature: 25.8 Time: 2024-01-07T17:19:39.449Z
2024-01-07T17:19:40.460Z - Temperature: 28.2 Time: 2024-01-07T17:19:40.451Z
2024-01-07T17:19:41.456Z - Temperature: 21.8 Time: 2024-01-07T17:19:41.453Z
2024-01-07T17:19:42.458Z - Temperature: 26.0 Time: 2024-01-07T17:19:42.453Z
2024-01-07T17:19:43.458Z - Temperature: 23.1 Time: 2024-01-07T17:19:43.453Z
2024-01-07T17:19:43.643Z - Humidity: 81.5 Time: 2024-01-07T17:19:43.637Z
2024-01-07T17:19:44.459Z - Temperature: 24.4 Time: 2024-01-07T17:19:44.454Z
2024-01-07T17:19:45.459Z - Temperature: 26.8 Time: 2024-01-07T17:19:45.456Z
2024-01-07T17:19:46.458Z - Temperature: 22.9 Time: 2024-01-07T17:19:46.456Z
2024-01-07T17:19:47.463Z - Temperature: 27.9 Time: 2024-01-07T17:19:47.457Z
2024-01-07T17:19:48.462Z - Temperature: 20.2 Time: 2024-01-07T17:19:48.458Z
2024-01-07T17:19:49.462Z - Temperature: 21.8 Time: 2024-01-07T17:19:49.460Z
2024-01-07T17:19:50.463Z - Temperature: 22.0 Time: 2024-01-07T17:19:50.461Z
2024-01-07T17:19:51.463Z - Temperature: 25.1 Time: 2024-01-07T17:19:51.460Z
2024-01-07T17:19:52.465Z - Temperature: 23.1 Time: 2024-01-07T17:19:52.461Z
2024-01-07T17:19:53.467Z - Temperature: 25.5 Time: 2024-01-07T17:19:53.462Z
2024-01-07T17:19:54.465Z - Temperature: 29.3 Time: 2024-01-07T17:19:54.463Z
2024-01-07T17:19:55.467Z - Temperature: 28.5 Time: 2024-01-07T17:19:55.463Z
2024-01-07T17:19:55.652Z - Humidity: 81.6 Time: 2024-01-07T17:19:55.648Z
2024-01-07T17:19:56.469Z - Temperature: 28.7 Time: 2024-01-07T17:19:56.464Z
2024-01-07T17:19:57.468Z - Temperature: 20.3 Time: 2024-01-07T17:19:57.464Z
2024-01-07T17:19:58.470Z - Temperature: 24.0 Time: 2024-01-07T17:19:58.466Z
2024-01-07T17:19:59.470Z - Temperature: 21.3 Time: 2024-01-07T17:19:59.466Z
2024-01-07T17:19:59.653Z - Humidity: 83.1 Time: 2024-01-07T17:19:59.651Z
2024-01-07T17:20:00.469Z - Temperature: 28.9 Time: 2024-01-07T17:20:00.466Z
2024-01-07T17:20:01.471Z - Temperature: 26.0 Time: 2024-01-07T17:20:01.467Z
2024-01-07T17:20:02.471Z - Temperature: 20.7 Time: 2024-01-07T17:20:02.468Z
2024-01-07T17:20:03.473Z - Temperature: 23.5 Time: 2024-01-07T17:20:03.469Z
2024-01-07T17:20:04.473Z - Temperature: 22.6 Time: 2024-01-07T17:20:04.470Z
2024-01-07T17:20:04.660Z - Humidity: 89.1 Time: 2024-01-07T17:20:04.656Z
2024-01-07T17:20:05.474Z - Temperature: 29.7 Time: 2024-01-07T17:20:05.471Z
2024-01-07T17:20:06.476Z - Temperature: 24.2 Time: 2024-01-07T17:20:06.472Z
2024-01-07T17:20:06.661Z - Humidity: 83.4 Time: 2024-01-07T17:20:06.658Z
2024-01-07T17:20:07.478Z - Temperature: 27.9 Time: 2024-01-07T17:20:07.474Z
2024-01-07T17:20:08.479Z - Temperature: 20.8 Time: 2024-01-07T17:20:08.475Z
2024-01-07T17:20:09.478Z - Temperature: 26.1 Time: 2024-01-07T17:20:09.476Z
2024-01-07T17:20:10.482Z - Temperature: 24.9 Time: 2024-01-07T17:20:10.477Z
2024-01-07T17:20:10.665Z - Humidity: 82.8 Time: 2024-01-07T17:20:10.661Z
2024-01-07T17:20:11.484Z - Temperature: 27.3 Time: 2024-01-07T17:20:11.478Z
2024-01-07T17:20:12.484Z - Temperature: 29.3 Time: 2024-01-07T17:20:12.479Z
2024-01-07T17:20:12.667Z - Humidity: 84.3 Time: 2024-01-07T17:20:12.662Z
2024-01-07T17:20:13.484Z - Temperature: 28.0 Time: 2024-01-07T17:20:13.480Z
2024-01-07T17:20:14.483Z - Temperature: 24.7 Time: 2024-01-07T17:20:14.481Z
2024-01-07T17:20:15.486Z - Temperature: 27.9 Time: 2024-01-07T17:20:15.482Z
2024-01-07T17:20:16.485Z - Temperature: 26.0 Time: 2024-01-07T17:20:16.483Z
2024-01-07T17:20:16.669Z - Humidity: 80.6 Time: 2024-01-07T17:20:16.665Z
2024-01-07T17:20:17.488Z - Temperature: 21.6 Time: 2024-01-07T17:20:17.484Z
2024-01-07T17:20:18.488Z - Temperature: 23.1 Time: 2024-01-07T17:20:18.484Z
2024-01-07T17:20:18.672Z - Humidity: 89.9 Time: 2024-01-07T17:20:18.667Z
2024-01-07T17:20:19.489Z - Temperature: 26.2 Time: 2024-01-07T17:20:19.486Z
2024-01-07T17:20:19.671Z - Humidity: 85.9 Time: 2024-01-07T17:20:19.668Z
2024-01-07T17:20:20.489Z - Temperature: 24.6 Time: 2024-01-07T17:20:20.487Z
2024-01-07T17:20:20.672Z - Humidity: 89.1 Time: 2024-01-07T17:20:20.668Z
2024-01-07T17:20:21.490Z - Temperature: 28.0 Time: 2024-01-07T17:20:21.488Z
2024-01-07T17:20:21.672Z - Humidity: 86.4 Time: 2024-01-07T17:20:21.670Z
2024-01-07T17:20:22.491Z - Temperature: 24.1 Time: 2024-01-07T17:20:22.489Z
2024-01-07T17:20:23.491Z - Temperature: 23.8 Time: 2024-01-07T17:20:23.490Z
2024-01-07T17:20:24.495Z - Temperature: 21.1 Time: 2024-01-07T17:20:24.491Z
2024-01-07T17:20:25.495Z - Temperature: 22.3 Time: 2024-01-07T17:20:25.492Z
2024-01-07T17:20:26.496Z - Temperature: 20.4 Time: 2024-01-07T17:20:26.493Z
2024-01-07T17:20:27.496Z - Temperature: 21.5 Time: 2024-01-07T17:20:27.493Z
2024-01-07T17:20:28.498Z - Temperature: 29.6 Time: 2024-01-07T17:20:28.494Z
2024-01-07T17:20:29.497Z - Temperature: 27.4 Time: 2024-01-07T17:20:29.495Z
2024-01-07T17:20:30.500Z - Temperature: 27.6 Time: 2024-01-07T17:20:30.496Z
2024-01-07T17:20:31.500Z - Temperature: 24.9 Time: 2024-01-07T17:20:31.497Z
2024-01-07T17:20:31.683Z - Humidity: 84.6 Time: 2024-01-07T17:20:31.680Z
2024-01-07T17:20:32.502Z - Temperature: 27.8 Time: 2024-01-07T17:20:32.498Z
2024-01-07T17:20:33.501Z - Temperature: 23.4 Time: 2024-01-07T17:20:33.499Z
2024-01-07T17:20:34.504Z - Temperature: 26.2 Time: 2024-01-07T17:20:34.501Z
2024-01-07T17:20:34.687Z - Humidity: 85.4 Time: 2024-01-07T17:20:34.683Z
2024-01-07T17:20:35.504Z - Temperature: 27.4 Time: 2024-01-07T17:20:35.501Z
2024-01-07T17:20:36.506Z - Temperature: 27.5 Time: 2024-01-07T17:20:36.502Z
2024-01-07T17:20:37.505Z - Temperature: 23.6 Time: 2024-01-07T17:20:37.503Z
2024-01-07T17:20:37.689Z - Humidity: 86.9 Time: 2024-01-07T17:20:37.687Z
2024-01-07T17:20:38.507Z - Temperature: 29.8 Time: 2024-01-07T17:20:38.505Z
2024-01-07T17:20:39.507Z - Temperature: 25.2 Time: 2024-01-07T17:20:39.506Z
2024-01-07T17:20:40.510Z - Temperature: 28.8 Time: 2024-01-07T17:20:40.506Z
2024-01-07T17:20:40.694Z - Humidity: 84.6 Time: 2024-01-07T17:20:40.691Z
2024-01-07T17:20:41.509Z - Temperature: 25.8 Time: 2024-01-07T17:20:41.507Z
2024-01-07T17:20:42.510Z - Temperature: 29.6 Time: 2024-01-07T17:20:42.507Z
2024-01-07T17:20:42.696Z - Humidity: 84.2 Time: 2024-01-07T17:20:42.693Z
2024-01-07T17:20:43.511Z - Temperature: 29.8 Time: 2024-01-07T17:20:43.509Z
2024-01-07T17:20:43.698Z - Humidity: 88.0 Time: 2024-01-07T17:20:43.693Z
2024-01-07T17:20:44.513Z - Temperature: 24.5 Time: 2024-01-07T17:20:44.510Z
2024-01-07T17:20:44.699Z - Humidity: 89.9 Time: 2024-01-07T17:20:44.694Z
2024-01-07T17:20:45.512Z - Temperature: 28.2 Time: 2024-01-07T17:20:45.510Z
2024-01-07T17:20:46.514Z - Temperature: 25.6 Time: 2024-01-07T17:20:46.512Z
2024-01-07T17:20:46.699Z - Humidity: 81.7 Time: 2024-01-07T17:20:46.696Z
2024-01-07T17:20:47.519Z - Temperature: 26.3 Time: 2024-01-07T17:20:47.513Z
2024-01-07T17:20:48.516Z - Temperature: 26.3 Time: 2024-01-07T17:20:48.514Z
2024-01-07T17:20:49.517Z - Temperature: 27.9 Time: 2024-01-07T17:20:49.514Z
2024-01-07T17:20:50.518Z - Temperature: 27.9 Time: 2024-01-07T17:20:50.516Z
2024-01-07T17:20:51.519Z - Temperature: 27.7 Time: 2024-01-07T17:20:51.516Z
2024-01-07T17:20:52.520Z - Temperature: 20.3 Time: 2024-01-07T17:20:52.518Z
2024-01-07T17:20:53.519Z - Temperature: 27.3 Time: 2024-01-07T17:20:53.518Z
2024-01-07T17:20:54.523Z - Temperature: 27.1 Time: 2024-01-07T17:20:54.520Z
2024-01-07T17:20:55.523Z - Temperature: 24.4 Time: 2024-01-07T17:20:55.521Z
2024-01-07T17:20:56.524Z - Temperature: 26.8 Time: 2024-01-07T17:20:56.521Z
2024-01-07T17:20:57.525Z - Temperature: 22.8 Time: 2024-01-07T17:20:57.522Z
2024-01-07T17:20:58.526Z - Temperature: 25.4 Time: 2024-01-07T17:20:58.523Z
2024-01-07T17:20:59.526Z - Temperature: 28.5 Time: 2024-01-07T17:20:59.523Z
2024-01-07T17:21:00.525Z - Temperature: 27.7 Time: 2024-01-07T17:21:00.523Z
2024-01-07T17:21:01.527Z - Temperature: 23.2 Time: 2024-01-07T17:21:01.525Z
2024-01-07T17:21:02.528Z - Temperature: 20.2 Time: 2024-01-07T17:21:02.526Z
2024-01-07T17:21:02.716Z - Humidity: 80.1 Time: 2024-01-07T17:21:02.713Z
2024-01-07T17:21:03.527Z - Temperature: 22.3 Time: 2024-01-07T17:21:03.526Z
2024-01-07T17:21:04.531Z - Temperature: 26.0 Time: 2024-01-07T17:21:04.527Z
2024-01-07T17:21:05.532Z - Temperature: 20.9 Time: 2024-01-07T17:21:05.528Z
2024-01-07T17:21:06.532Z - Temperature: 20.4 Time: 2024-01-07T17:21:06.529Z
2024-01-07T17:21:07.532Z - Temperature: 21.4 Time: 2024-01-07T17:21:07.530Z
2024-01-07T17:21:07.718Z - Humidity: 89.7 Time: 2024-01-07T17:21:07.716Z
2024-01-07T17:21:08.534Z - Temperature: 20.1 Time: 2024-01-07T17:21:08.531Z
2024-01-07T17:21:09.534Z - Temperature: 26.7 Time: 2024-01-07T17:21:09.533Z
2024-01-07T17:21:10.537Z - Temperature: 28.8 Time: 2024-01-07T17:21:10.533Z
2024-01-07T17:21:11.537Z - Temperature: 28.9 Time: 2024-01-07T17:21:11.534Z
2024-01-07T17:21:12.537Z - Temperature: 27.8 Time: 2024-01-07T17:21:12.535Z
2024-01-07T17:21:13.542Z - Temperature: 28.0 Time: 2024-01-07T17:21:13.537Z
2024-01-07T17:21:14.541Z - Temperature: 22.7 Time: 2024-01-07T17:21:14.538Z
2024-01-07T17:21:15.541Z - Temperature: 28.8 Time: 2024-01-07T17:21:15.538Z
2024-01-07T17:21:16.541Z - Temperature: 21.2 Time: 2024-01-07T17:21:16.538Z
2024-01-07T17:21:17.541Z - Temperature: 24.6 Time: 2024-01-07T17:21:17.539Z
2024-01-07T17:21:18.542Z - Temperature: 29.3 Time: 2024-01-07T17:21:18.540Z
2024-01-07T17:21:19.545Z - Temperature: 22.6 Time: 2024-01-07T17:21:19.542Z
2024-01-07T17:21:20.544Z - Temperature: 29.3 Time: 2024-01-07T17:21:20.542Z
2024-01-07T17:21:21.546Z - Temperature: 20.8 Time: 2024-01-07T17:21:21.544Z
2024-01-07T17:21:22.547Z - Temperature: 26.6 Time: 2024-01-07T17:21:22.545Z
2024-01-07T17:21:23.548Z - Temperature: 28.1 Time: 2024-01-07T17:21:23.546Z
2024-01-07T17:21:23.738Z - Humidity: 88.1 Time: 2024-01-07T17:21:23.731Z
2024-01-07T17:21:24.551Z - Temperature: 23.0 Time: 2024-01-07T17:21:24.548Z
2024-01-07T17:21:25.554Z - Temperature: 21.6 Time: 2024-01-07T17:21:25.550Z
2024-01-07T17:21:26.555Z - Temperature: 22.1 Time: 2024-01-07T17:21:26.551Z
2024-01-07T17:21:26.735Z - Humidity: 88.9 Time: 2024-01-07T17:21:26.733Z
2024-01-07T17:21:27.554Z - Temperature: 21.7 Time: 2024-01-07T17:21:27.552Z
2024-01-07T17:21:28.556Z - Temperature: 28.7 Time: 2024-01-07T17:21:28.553Z
2024-01-07T17:21:28.737Z - Humidity: 82.0 Time: 2024-01-07T17:21:28.734Z
2024-01-07T17:21:29.555Z - Temperature: 20.8 Time: 2024-01-07T17:21:29.554Z
2024-01-07T17:21:30.557Z - Temperature: 21.1 Time: 2024-01-07T17:21:30.555Z
2024-01-07T17:21:31.558Z - Temperature: 25.1 Time: 2024-01-07T17:21:31.556Z
2024-01-07T17:21:32.561Z - Temperature: 27.9 Time: 2024-01-07T17:21:32.557Z
2024-01-07T17:21:33.561Z - Temperature: 28.5 Time: 2024-01-07T17:21:33.558Z
2024-01-07T17:21:34.561Z - Temperature: 24.1 Time: 2024-01-07T17:21:34.559Z
2024-01-07T17:21:35.563Z - Temperature: 25.0 Time: 2024-01-07T17:21:35.560Z
2024-01-07T17:21:36.562Z - Temperature: 29.3 Time: 2024-01-07T17:21:36.561Z
2024-01-07T17:21:37.566Z - Temperature: 28.9 Time: 2024-01-07T17:21:37.562Z
2024-01-07T17:21:38.565Z - Temperature: 28.0 Time: 2024-01-07T17:21:38.562Z
2024-01-07T17:21:39.567Z - Temperature: 25.7 Time: 2024-01-07T17:21:39.563Z
2024-01-07T17:21:40.567Z - Temperature: 29.6 Time: 2024-01-07T17:21:40.565Z
2024-01-07T17:21:40.749Z - Humidity: 86.0 Time: 2024-01-07T17:21:40.747Z
2024-01-07T17:21:41.567Z - Temperature: 23.1 Time: 2024-01-07T17:21:41.566Z
2024-01-07T17:21:42.572Z - Temperature: 25.5 Time: 2024-01-07T17:21:42.566Z
2024-01-07T17:21:43.570Z - Temperature: 21.3 Time: 2024-01-07T17:21:43.566Z
2024-01-07T17:44:55.989Z - Alert:TEMP SENSOR OFF
2024-01-07T17:44:56.988Z - Alert:TEMP SENSOR OFF
2024-01-07T17:44:57.989Z - Alert:TEMP SENSOR OFF
2024-01-07T17:44:58.992Z - Alert:TEMP SENSOR OFF
2024-01-07T17:44:59.992Z - Alert:TEMP SENSOR OFF
2024-01-07T17:44:59.992Z - Alert:HUMIDITY SENSOR OFF
2024-01-07T17:45:00.994Z - Alert:HUMIDITY SENSOR OFF
2024-01-07T17:45:00.994Z - Alert:TEMP SENSOR OFF
2024-01-07T17:45:01.995Z - Alert:TEMP SENSOR OFF
2024-01-07T17:45:01.995Z - Alert:HUMIDITY SENSOR OFF
2024-01-07T17:45:02.995Z - Alert:HUMIDITY SENSOR OFF
2024-01-07T17:45:02.996Z - Alert:TEMP SENSOR OFF
2024-01-07T17:45:03.995Z - Alert:TEMP SENSOR OFF
2024-01-07T17:45:03.995Z - Alert:HUMIDITY SENSOR OFF
2024-01-07T17:45:04.997Z - Alert:TEMP SENSOR OFF
2024-01-07T17:45:04.996Z - Alert:HUMIDITY SENSOR OFF
2024-01-07T17:45:05.999Z - Alert:HUMIDITY SENSOR OFF
2024-01-07T17:45:05.999Z - Alert:TEMP SENSOR OFF
2024-01-07T17:54:08.252Z - Temperature: 27.0 Time: 2024-01-07T17:54:08.249Z
2024-01-07T17:54:09.258Z - Temperature: 27.5 Time: 2024-01-07T17:54:09.250Z
2024-01-07T17:54:09.577Z - Humidity: 82.6 Time: 2024-01-07T17:54:09.570Z
2024-01-07T17:54:10.252Z - Temperature: 22.8 Time: 2024-01-07T17:54:10.250Z
2024-01-07T17:54:11.254Z - Temperature: 27.0 Time: 2024-01-07T17:54:11.251Z
2024-01-07T17:54:12.259Z - Temperature: 21.4 Time: 2024-01-07T17:54:12.252Z
2024-01-07T17:54:13.261Z - Temperature: 22.2 Time: 2024-01-07T17:54:13.253Z
2024-01-07T17:54:14.263Z - Temperature: 26.8 Time: 2024-01-07T17:54:14.254Z
2024-01-07T17:54:15.257Z - Temperature: 23.3 Time: 2024-01-07T17:54:15.254Z
2024-01-07T17:54:15.580Z - Humidity: 82.9 Time: 2024-01-07T17:54:15.575Z
2024-01-07T17:54:16.257Z - Temperature: 23.5 Time: 2024-01-07T17:54:16.255Z
2024-01-07T17:54:17.262Z - Temperature: 25.8 Time: 2024-01-07T17:54:17.256Z
2024-01-07T17:54:17.584Z - Humidity: 85.7 Time: 2024-01-07T17:54:17.579Z
2024-01-07T17:54:18.262Z - Temperature: 25.1 Time: 2024-01-07T17:54:18.256Z
2024-01-07T17:54:19.262Z - Temperature: 27.0 Time: 2024-01-07T17:54:19.257Z
2024-01-07T17:54:19.583Z - Humidity: 83.3 Time: 2024-01-07T17:54:19.581Z
2024-01-07T17:54:20.260Z - Temperature: 20.3 Time: 2024-01-07T17:54:20.259Z
2024-01-07T17:54:21.263Z - Temperature: 21.3 Time: 2024-01-07T17:54:21.260Z
2024-01-07T17:54:22.263Z - Temperature: 20.3 Time: 2024-01-07T17:54:22.261Z
2024-01-07T17:54:23.265Z - Temperature: 24.0 Time: 2024-01-07T17:54:23.262Z
2024-01-07T17:54:24.266Z - Temperature: 22.7 Time: 2024-01-07T17:54:24.263Z
2024-01-07T17:54:25.266Z - Temperature: 24.0 Time: 2024-01-07T17:54:25.264Z
2024-01-07T17:54:26.267Z - Temperature: 27.1 Time: 2024-01-07T17:54:26.265Z
2024-01-07T17:54:27.273Z - Temperature: 21.2 Time: 2024-01-07T17:54:27.266Z
2024-01-07T17:54:28.274Z - Temperature: 29.6 Time: 2024-01-07T17:54:28.271Z
2024-01-07T17:54:29.274Z - Temperature: 26.6 Time: 2024-01-07T17:54:29.272Z
2024-01-07T17:54:29.601Z - Humidity: 82.7 Time: 2024-01-07T17:54:29.595Z
2024-01-07T17:54:30.275Z - Temperature: 23.8 Time: 2024-01-07T17:54:30.273Z
2024-01-07T17:54:31.277Z - Temperature: 24.2 Time: 2024-01-07T17:54:31.274Z
2024-01-07T17:54:32.276Z - Temperature: 28.2 Time: 2024-01-07T17:54:32.275Z
2024-01-07T17:54:33.278Z - Temperature: 22.7 Time: 2024-01-07T17:54:33.275Z
2024-01-07T17:54:34.283Z - Temperature: 25.5 Time: 2024-01-07T17:54:34.277Z
2024-01-07T17:54:35.279Z - Temperature: 21.9 Time: 2024-01-07T17:54:35.277Z
2024-01-07T17:54:36.281Z - Temperature: 29.3 Time: 2024-01-07T17:54:36.279Z
2024-01-07T17:54:37.282Z - Temperature: 28.7 Time: 2024-01-07T17:54:37.279Z
2024-01-07T17:54:37.611Z - Humidity: 86.9 Time: 2024-01-07T17:54:37.608Z
2024-01-07T17:54:38.283Z - Temperature: 21.6 Time: 2024-01-07T17:54:38.281Z
2024-01-07T17:54:39.288Z - Temperature: 29.3 Time: 2024-01-07T17:54:39.281Z
2024-01-07T17:54:39.612Z - Humidity: 82.0 Time: 2024-01-07T17:54:39.609Z
2024-01-07T17:54:40.284Z - Temperature: 21.0 Time: 2024-01-07T17:54:40.283Z
2024-01-07T17:54:40.620Z - Humidity: 83.6 Time: 2024-01-07T17:54:40.611Z
2024-01-07T17:54:41.286Z - Temperature: 29.3 Time: 2024-01-07T17:54:41.283Z
2024-01-07T17:54:42.296Z - Temperature: 20.7 Time: 2024-01-07T17:54:42.283Z
2024-01-07T17:54:43.290Z - Temperature: 24.5 Time: 2024-01-07T17:54:43.283Z
2024-01-07T17:54:44.285Z - Temperature: 26.2 Time: 2024-01-07T17:54:44.283Z
2024-01-07T17:54:45.286Z - Temperature: 28.6 Time: 2024-01-07T17:54:45.285Z
2024-01-07T17:54:46.287Z - Temperature: 23.2 Time: 2024-01-07T17:54:46.285Z
2024-01-07T17:54:47.290Z - Temperature: 22.7 Time: 2024-01-07T17:54:47.286Z
2024-01-07T17:54:48.288Z - Temperature: 21.0 Time: 2024-01-07T17:54:48.286Z
2024-01-07T17:54:48.623Z - Humidity: 85.2 Time: 2024-01-07T17:54:48.621Z
2024-01-07T17:54:49.294Z - Temperature: 27.2 Time: 2024-01-07T17:54:49.288Z
2024-01-07T17:54:49.629Z - Humidity: 81.0 Time: 2024-01-07T17:54:49.623Z
2024-01-07T17:54:50.290Z - Temperature: 23.8 Time: 2024-01-07T17:54:50.289Z
2024-01-07T17:54:51.291Z - Temperature: 25.3 Time: 2024-01-07T17:54:51.290Z
2024-01-07T17:54:52.294Z - Temperature: 22.9 Time: 2024-01-07T17:54:52.291Z
2024-01-07T17:54:53.298Z - Temperature: 23.7 Time: 2024-01-07T17:54:53.292Z
2024-01-07T17:54:54.297Z - Temperature: 24.3 Time: 2024-01-07T17:54:54.294Z
2024-01-07T17:54:55.296Z - Temperature: 27.4 Time: 2024-01-07T17:54:55.295Z
2024-01-07T17:54:56.297Z - Temperature: 27.0 Time: 2024-01-07T17:54:56.296Z
2024-01-07T17:54:57.300Z - Temperature: 28.4 Time: 2024-01-07T17:54:57.297Z
2024-01-07T17:54:57.642Z - Humidity: 85.2 Time: 2024-01-07T17:54:57.640Z
2024-01-07T17:54:58.300Z - Temperature: 23.3 Time: 2024-01-07T17:54:58.298Z
2024-01-07T17:54:59.304Z - Temperature: 21.1 Time: 2024-01-07T17:54:59.299Z
2024-01-07T17:55:00.302Z - Temperature: 23.3 Time: 2024-01-07T17:55:00.301Z
2024-01-07T17:55:01.303Z - Temperature: 24.9 Time: 2024-01-07T17:55:01.302Z
2024-01-07T17:55:02.307Z - Temperature: 28.6 Time: 2024-01-07T17:55:02.303Z
2024-01-07T17:55:03.308Z - Temperature: 29.7 Time: 2024-01-07T17:55:03.304Z
2024-01-07T17:55:04.307Z - Temperature: 25.6 Time: 2024-01-07T17:55:04.305Z
2024-01-07T17:55:04.657Z - Humidity: 85.0 Time: 2024-01-07T17:55:04.647Z
2024-01-07T17:55:05.307Z - Temperature: 27.3 Time: 2024-01-07T17:55:05.306Z
2024-01-07T17:55:06.309Z - Temperature: 29.7 Time: 2024-01-07T17:55:06.307Z
2024-01-07T17:55:06.650Z - Humidity: 83.0 Time: 2024-01-07T17:55:06.648Z
2024-01-07T17:55:07.314Z - Temperature: 24.1 Time: 2024-01-07T17:55:07.309Z
2024-01-07T17:55:08.316Z - Temperature: 29.0 Time: 2024-01-07T17:55:08.311Z
2024-01-07T17:55:09.314Z - Temperature: 21.2 Time: 2024-01-07T17:55:09.311Z
2024-01-07T17:55:10.313Z - Temperature: 20.9 Time: 2024-01-07T17:55:10.312Z
2024-01-07T17:55:11.314Z - Temperature: 24.1 Time: 2024-01-07T17:55:11.313Z
2024-01-07T17:55:12.318Z - Temperature: 24.5 Time: 2024-01-07T17:55:12.314Z
2024-01-07T17:55:12.656Z - Humidity: 87.8 Time: 2024-01-07T17:55:12.655Z
2024-01-07T17:55:13.318Z - Temperature: 23.4 Time: 2024-01-07T17:55:13.314Z
2024-01-07T17:55:14.317Z - Temperature: 23.9 Time: 2024-01-07T17:55:14.315Z
2024-01-07T17:55:14.659Z - Humidity: 83.6 Time: 2024-01-07T17:55:14.657Z
2024-01-07T17:55:15.318Z - Temperature: 29.0 Time: 2024-01-07T17:55:15.316Z
2024-01-07T17:55:16.319Z - Temperature: 24.4 Time: 2024-01-07T17:55:16.318Z
2024-01-07T17:55:17.324Z - Temperature: 24.6 Time: 2024-01-07T17:55:17.319Z
2024-01-07T17:55:18.325Z - Temperature: 26.5 Time: 2024-01-07T17:55:18.320Z
2024-01-07T17:55:18.661Z - Humidity: 85.8 Time: 2024-01-07T17:55:18.660Z
2024-01-07T17:55:19.326Z - Temperature: 20.1 Time: 2024-01-07T17:55:19.321Z
2024-01-07T17:55:20.325Z - Temperature: 27.5 Time: 2024-01-07T17:55:20.323Z
2024-01-07T17:55:21.326Z - Temperature: 24.4 Time: 2024-01-07T17:55:21.325Z
2024-01-07T17:55:22.331Z - Temperature: 25.6 Time: 2024-01-07T17:55:22.326Z
2024-01-07T17:55:23.333Z - Temperature: 24.5 Time: 2024-01-07T17:55:23.328Z
2024-01-07T17:55:24.331Z - Temperature: 24.5 Time: 2024-01-07T17:55:24.329Z
2024-01-07T17:55:24.666Z - Humidity: 84.3 Time: 2024-01-07T17:55:24.664Z
2024-01-07T17:55:25.331Z - Temperature: 21.4 Time: 2024-01-07T17:55:25.330Z
2024-01-07T17:55:26.332Z - Temperature: 22.4 Time: 2024-01-07T17:55:26.330Z
2024-01-07T17:55:26.670Z - Humidity: 87.1 Time: 2024-01-07T17:55:26.667Z
2024-01-07T17:55:27.334Z - Temperature: 25.6 Time: 2024-01-07T17:55:27.332Z
2024-01-07T17:55:27.669Z - Humidity: 81.8 Time: 2024-01-07T17:55:27.667Z
2024-01-07T17:55:28.338Z - Temperature: 28.1 Time: 2024-01-07T17:55:28.332Z
2024-01-07T17:55:29.337Z - Temperature: 24.4 Time: 2024-01-07T17:55:29.333Z
2024-01-07T17:55:29.674Z - Humidity: 88.1 Time: 2024-01-07T17:55:29.669Z
2024-01-07T17:55:30.335Z - Temperature: 22.1 Time: 2024-01-07T17:55:30.334Z
2024-01-07T17:55:31.336Z - Temperature: 22.4 Time: 2024-01-07T17:55:31.335Z
2024-01-07T17:55:31.674Z - Humidity: 89.9 Time: 2024-01-07T17:55:31.671Z
2024-01-07T17:55:32.338Z - Temperature: 21.0 Time: 2024-01-07T17:55:32.336Z
2024-01-07T17:55:33.338Z - Temperature: 28.8 Time: 2024-01-07T17:55:33.336Z
2024-01-07T17:55:33.675Z - Humidity: 86.6 Time: 2024-01-07T17:55:33.673Z
2024-01-07T17:55:34.339Z - Temperature: 29.9 Time: 2024-01-07T17:55:34.337Z
2024-01-07T17:55:35.340Z - Temperature: 29.0 Time: 2024-01-07T17:55:35.338Z
2024-01-07T17:55:36.340Z - Temperature: 28.8 Time: 2024-01-07T17:55:36.339Z
2024-01-07T17:55:37.344Z - Temperature: 23.5 Time: 2024-01-07T17:55:37.340Z
2024-01-07T17:55:37.684Z - Humidity: 87.8 Time: 2024-01-07T17:55:37.678Z
2024-01-07T17:55:38.344Z - Temperature: 25.7 Time: 2024-01-07T17:55:38.341Z
2024-01-07T17:55:39.344Z - Temperature: 23.1 Time: 2024-01-07T17:55:39.342Z
2024-01-07T17:55:40.344Z - Temperature: 26.6 Time: 2024-01-07T17:55:40.343Z
2024-01-07T17:55:41.345Z - Temperature: 25.1 Time: 2024-01-07T17:55:41.343Z
2024-01-07T17:55:41.684Z - Humidity: 80.7 Time: 2024-01-07T17:55:41.682Z
2024-01-07T17:55:42.349Z - Temperature: 26.0 Time: 2024-01-07T17:55:42.344Z
2024-01-07T17:55:43.347Z - Temperature: 21.6 Time: 2024-01-07T17:55:43.344Z
2024-01-07T17:55:43.687Z - Humidity: 83.8 Time: 2024-01-07T17:55:43.685Z
2024-01-07T17:55:44.351Z - Temperature: 21.9 Time: 2024-01-07T17:55:44.346Z
2024-01-07T17:55:45.346Z - Temperature: 23.9 Time: 2024-01-07T17:55:45.345Z
2024-01-07T17:55:46.347Z - Temperature: 29.3 Time: 2024-01-07T17:55:46.346Z
2024-01-07T17:55:46.694Z - Humidity: 80.8 Time: 2024-01-07T17:55:46.689Z
2024-01-07T17:55:47.354Z - Temperature: 20.9 Time: 2024-01-07T17:55:47.347Z
2024-01-07T17:55:47.696Z - Humidity: 84.0 Time: 2024-01-07T17:55:47.691Z
2024-01-07T17:55:48.354Z - Temperature: 23.5 Time: 2024-01-07T17:55:48.349Z
2024-01-07T17:55:48.696Z - Humidity: 82.7 Time: 2024-01-07T17:55:48.692Z
2024-01-07T17:55:49.356Z - Temperature: 29.8 Time: 2024-01-07T17:55:49.351Z
2024-01-07T17:55:50.352Z - Temperature: 25.3 Time: 2024-01-07T17:55:50.351Z
2024-01-07T17:55:51.353Z - Temperature: 24.7 Time: 2024-01-07T17:55:51.352Z
2024-01-07T17:55:52.357Z - Temperature: 28.8 Time: 2024-01-07T17:55:52.353Z
2024-01-07T17:55:53.358Z - Temperature: 27.4 Time: 2024-01-07T17:55:53.355Z
2024-01-07T17:55:54.358Z - Temperature: 20.3 Time: 2024-01-07T17:55:54.356Z
2024-01-07T17:55:54.702Z - Humidity: 87.0 Time: 2024-01-07T17:55:54.700Z
2024-01-07T17:55:55.358Z - Temperature: 24.1 Time: 2024-01-07T17:55:55.357Z
2024-01-07T17:55:56.363Z - Temperature: 26.3 Time: 2024-01-07T17:55:56.357Z
2024-01-07T17:55:57.361Z - Temperature: 27.9 Time: 2024-01-07T17:55:57.359Z
2024-01-07T17:55:58.364Z - Temperature: 24.7 Time: 2024-01-07T17:55:58.359Z
2024-01-07T17:55:59.365Z - Temperature: 24.2 Time: 2024-01-07T17:55:59.360Z
2024-01-07T17:56:00.362Z - Temperature: 22.6 Time: 2024-01-07T17:56:00.360Z
2024-01-07T17:56:01.364Z - Temperature: 28.7 Time: 2024-01-07T17:56:01.362Z
2024-01-07T17:56:02.367Z - Temperature: 21.1 Time: 2024-01-07T17:56:02.362Z
2024-01-07T17:56:03.368Z - Temperature: 26.5 Time: 2024-01-07T17:56:03.363Z
2024-01-07T17:56:04.370Z - Temperature: 28.8 Time: 2024-01-07T17:56:04.364Z
2024-01-07T17:56:04.718Z - Humidity: 87.4 Time: 2024-01-07T17:56:04.711Z
2024-01-07T17:56:05.368Z - Temperature: 26.9 Time: 2024-01-07T17:56:05.366Z
2024-01-07T17:56:06.368Z - Temperature: 22.5 Time: 2024-01-07T17:56:06.366Z
2024-01-07T17:56:06.719Z - Humidity: 82.5 Time: 2024-01-07T17:56:06.714Z
2024-01-07T17:56:07.373Z - Temperature: 29.2 Time: 2024-01-07T17:56:07.367Z
2024-01-07T17:56:08.373Z - Temperature: 28.0 Time: 2024-01-07T17:56:08.368Z
2024-01-07T17:56:09.375Z - Temperature: 28.9 Time: 2024-01-07T17:56:09.368Z
2024-01-07T17:56:10.370Z - Temperature: 25.7 Time: 2024-01-07T17:56:10.368Z
2024-01-07T17:56:11.371Z - Temperature: 20.5 Time: 2024-01-07T17:56:11.370Z
2024-01-07T17:56:12.376Z - Temperature: 22.7 Time: 2024-01-07T17:56:12.370Z
2024-01-07T17:56:13.376Z - Temperature: 20.1 Time: 2024-01-07T17:56:13.371Z
2024-01-07T17:56:14.378Z - Temperature: 24.7 Time: 2024-01-07T17:56:14.373Z
2024-01-07T17:56:14.726Z - Humidity: 84.5 Time: 2024-01-07T17:56:14.724Z
2024-01-07T17:56:15.375Z - Temperature: 23.5 Time: 2024-01-07T17:56:15.373Z
2024-01-07T17:56:16.375Z - Temperature: 21.0 Time: 2024-01-07T17:56:16.374Z
2024-01-07T17:56:17.376Z - Temperature: 26.9 Time: 2024-01-07T17:56:17.375Z
2024-01-07T17:56:18.380Z - Temperature: 26.2 Time: 2024-01-07T17:56:18.376Z
2024-01-07T17:56:19.382Z - Temperature: 26.5 Time: 2024-01-07T17:56:19.377Z
2024-01-07T17:56:20.379Z - Temperature: 27.5 Time: 2024-01-07T17:56:20.378Z
2024-01-07T17:56:21.380Z - Temperature: 23.4 Time: 2024-01-07T17:56:21.379Z
2024-01-07T17:56:22.383Z - Temperature: 26.5 Time: 2024-01-07T17:56:22.380Z
2024-01-07T17:56:23.386Z - Temperature: 21.5 Time: 2024-01-07T17:56:23.382Z
2024-01-07T17:56:24.387Z - Temperature: 20.5 Time: 2024-01-07T17:56:24.383Z
2024-01-07T17:56:25.386Z - Temperature: 28.4 Time: 2024-01-07T17:56:25.385Z
2024-01-07T17:56:25.737Z - Humidity: 88.7 Time: 2024-01-07T17:56:25.732Z
2024-01-07T17:56:26.388Z - Temperature: 23.7 Time: 2024-01-07T17:56:26.387Z
2024-01-07T17:56:27.391Z - Temperature: 24.8 Time: 2024-01-07T17:56:27.388Z
2024-01-07T17:56:27.737Z - Humidity: 80.2 Time: 2024-01-07T17:56:27.735Z
2024-01-07T17:56:28.390Z - Temperature: 27.3 Time: 2024-01-07T17:56:28.388Z
2024-01-07T17:56:29.391Z - Temperature: 26.8 Time: 2024-01-07T17:56:29.389Z
2024-01-07T17:56:30.391Z - Temperature: 29.5 Time: 2024-01-07T17:56:30.390Z
2024-01-07T17:56:30.743Z - Humidity: 89.8 Time: 2024-01-07T17:56:30.739Z
2024-01-07T17:56:31.392Z - Temperature: 21.8 Time: 2024-01-07T17:56:31.391Z
2024-01-07T17:56:32.396Z - Temperature: 22.7 Time: 2024-01-07T17:56:32.392Z
2024-01-07T17:56:33.395Z - Temperature: 28.3 Time: 2024-01-07T17:56:33.393Z
2024-01-07T17:56:34.399Z - Temperature: 25.1 Time: 2024-01-07T17:56:34.394Z
2024-01-07T17:56:34.754Z - Humidity: 83.9 Time: 2024-01-07T17:56:34.744Z
2024-01-07T17:56:35.398Z - Temperature: 28.1 Time: 2024-01-07T17:56:35.395Z
2024-01-07T17:56:35.756Z - Humidity: 83.7 Time: 2024-01-07T17:56:35.745Z
2024-01-07T17:56:36.398Z - Temperature: 23.4 Time: 2024-01-07T17:56:36.396Z
2024-01-07T17:56:37.400Z - Temperature: 28.6 Time: 2024-01-07T17:56:37.397Z
2024-01-07T17:56:37.751Z - Humidity: 83.5 Time: 2024-01-07T17:56:37.747Z
2024-01-07T17:56:38.399Z - Temperature: 21.0 Time: 2024-01-07T17:56:38.397Z
2024-01-07T17:56:39.405Z - Temperature: 22.0 Time: 2024-01-07T17:56:39.397Z
2024-01-07T17:56:40.400Z - Temperature: 28.5 Time: 2024-01-07T17:56:40.398Z
2024-01-07T17:56:40.756Z - Humidity: 82.4 Time: 2024-01-07T17:56:40.750Z
2024-01-07T17:56:41.402Z - Temperature: 24.7 Time: 2024-01-07T17:56:41.399Z
2024-01-07T17:56:42.405Z - Temperature: 27.5 Time: 2024-01-07T17:56:42.401Z
2024-01-07T17:56:43.409Z - Temperature: 28.8 Time: 2024-01-07T17:56:43.403Z
2024-01-07T17:56:44.410Z - Temperature: 21.8 Time: 2024-01-07T17:56:44.405Z
2024-01-07T17:56:44.760Z - Humidity: 88.9 Time: 2024-01-07T17:56:44.755Z
2024-01-07T17:56:45.409Z - Temperature: 29.8 Time: 2024-01-07T17:56:45.406Z
2024-01-07T17:56:46.410Z - Temperature: 26.4 Time: 2024-01-07T17:56:46.408Z
2024-01-07T17:56:47.419Z - Temperature: 22.0 Time: 2024-01-07T17:56:47.414Z
2024-01-07T17:56:47.763Z - Humidity: 87.9 Time: 2024-01-07T17:56:47.758Z
2024-01-07T17:56:48.418Z - Temperature: 29.2 Time: 2024-01-07T17:56:48.416Z
2024-01-07T17:56:48.762Z - Humidity: 87.4 Time: 2024-01-07T17:56:48.760Z
2024-01-07T17:56:49.419Z - Temperature: 23.8 Time: 2024-01-07T17:56:49.417Z
2024-01-07T17:56:50.424Z - Temperature: 29.2 Time: 2024-01-07T17:56:50.418Z
2024-01-07T17:56:50.767Z - Humidity: 85.1 Time: 2024-01-07T17:56:50.762Z
2024-01-07T17:56:51.421Z - Temperature: 21.6 Time: 2024-01-07T17:56:51.419Z
2024-01-07T17:56:52.428Z - Temperature: 24.1 Time: 2024-01-07T17:56:52.421Z
2024-01-07T17:56:53.424Z - Temperature: 27.0 Time: 2024-01-07T17:56:53.422Z
2024-01-07T17:56:54.427Z - Temperature: 22.1 Time: 2024-01-07T17:56:54.425Z
2024-01-07T17:56:55.427Z - Temperature: 29.7 Time: 2024-01-07T17:56:55.425Z
2024-01-07T17:56:56.428Z - Temperature: 23.1 Time: 2024-01-07T17:56:56.426Z
2024-01-07T17:56:57.431Z - Temperature: 28.1 Time: 2024-01-07T17:56:57.427Z
2024-01-07T17:56:57.776Z - Humidity: 84.1 Time: 2024-01-07T17:56:57.768Z
2024-01-07T17:56:58.435Z - Temperature: 27.4 Time: 2024-01-07T17:56:58.428Z
2024-01-07T17:56:59.436Z - Temperature: 24.1 Time: 2024-01-07T17:56:59.429Z
2024-01-07T17:56:59.771Z - Humidity: 84.9 Time: 2024-01-07T17:56:59.769Z
2024-01-07T17:57:00.434Z - Temperature: 29.2 Time: 2024-01-07T17:57:00.430Z
2024-01-07T17:57:01.438Z - Temperature: 20.5 Time: 2024-01-07T17:57:01.430Z
2024-01-07T17:57:02.439Z - Temperature: 24.1 Time: 2024-01-07T17:57:02.432Z
2024-01-07T17:57:03.439Z - Temperature: 20.4 Time: 2024-01-07T17:57:03.434Z
2024-01-07T17:57:04.440Z - Temperature: 23.3 Time: 2024-01-07T17:57:04.436Z
2024-01-07T17:57:05.440Z - Temperature: 22.7 Time: 2024-01-07T17:57:05.437Z
2024-01-07T17:57:06.442Z - Temperature: 28.1 Time: 2024-01-07T17:57:06.438Z
2024-01-07T17:57:07.443Z - Temperature: 25.9 Time: 2024-01-07T17:57:07.439Z
2024-01-07T17:57:08.445Z - Temperature: 27.1 Time: 2024-01-07T17:57:08.440Z
2024-01-07T17:57:09.446Z - Temperature: 20.8 Time: 2024-01-07T17:57:09.442Z
2024-01-07T17:57:10.444Z - Temperature: 21.9 Time: 2024-01-07T17:57:10.442Z
2024-01-07T17:57:10.785Z - Humidity: 87.7 Time: 2024-01-07T17:57:10.782Z
2024-01-07T17:57:11.448Z - Temperature: 20.5 Time: 2024-01-07T17:57:11.443Z
2024-01-07T17:57:11.788Z - Humidity: 87.0 Time: 2024-01-07T17:57:11.783Z
2024-01-07T17:57:12.447Z - Temperature: 28.7 Time: 2024-01-07T17:57:12.444Z
2024-01-07T17:57:13.450Z - Temperature: 22.6 Time: 2024-01-07T17:57:13.445Z
2024-01-07T17:57:14.457Z - Temperature: 28.5 Time: 2024-01-07T17:57:14.446Z
2024-01-07T17:57:15.449Z - Temperature: 28.4 Time: 2024-01-07T17:57:15.447Z
2024-01-07T17:57:16.450Z - Temperature: 29.8 Time: 2024-01-07T17:57:16.448Z
2024-01-07T17:57:17.453Z - Temperature: 28.3 Time: 2024-01-07T17:57:17.449Z
2024-01-07T17:57:18.456Z - Temperature: 27.8 Time: 2024-01-07T17:57:18.450Z
2024-01-07T17:57:19.458Z - Temperature: 20.7 Time: 2024-01-07T17:57:19.452Z
2024-01-07T17:57:20.457Z - Temperature: 26.8 Time: 2024-01-07T17:57:20.452Z
2024-01-07T17:57:21.456Z - Temperature: 21.0 Time: 2024-01-07T17:57:21.452Z
2024-01-07T17:57:22.458Z - Temperature: 28.8 Time: 2024-01-07T17:57:22.453Z
2024-01-07T17:57:23.460Z - Temperature: 27.6 Time: 2024-01-07T17:57:23.455Z
2024-01-07T17:57:24.462Z - Temperature: 25.2 Time: 2024-01-07T17:57:24.456Z
2024-01-07T17:57:25.460Z - Temperature: 25.9 Time: 2024-01-07T17:57:25.457Z
2024-01-07T17:57:26.460Z - Temperature: 20.1 Time: 2024-01-07T17:57:26.458Z
2024-01-07T17:57:27.462Z - Temperature: 24.9 Time: 2024-01-07T17:57:27.458Z
2024-01-07T17:57:28.462Z - Temperature: 20.3 Time: 2024-01-07T17:57:28.458Z
2024-01-07T17:57:29.461Z - Temperature: 29.1 Time: 2024-01-07T17:57:29.458Z
2024-01-07T17:57:30.466Z - Temperature: 29.1 Time: 2024-01-07T17:57:30.460Z
2024-01-07T17:57:31.465Z - Temperature: 25.3 Time: 2024-01-07T17:57:31.460Z
2024-01-07T17:57:31.806Z - Humidity: 87.3 Time: 2024-01-07T17:57:31.802Z
2024-01-07T17:57:32.468Z - Temperature: 27.0 Time: 2024-01-07T17:57:32.463Z
2024-01-07T17:57:33.468Z - Temperature: 24.3 Time: 2024-01-07T17:57:33.465Z
2024-01-07T17:57:34.471Z - Temperature: 22.7 Time: 2024-01-07T17:57:34.466Z
2024-01-07T17:57:35.470Z - Temperature: 29.7 Time: 2024-01-07T17:57:35.466Z
2024-01-07T17:57:35.811Z - Humidity: 80.1 Time: 2024-01-07T17:57:35.806Z
2024-01-07T17:57:36.471Z - Temperature: 28.3 Time: 2024-01-07T17:57:36.468Z
2024-01-07T17:57:36.811Z - Humidity: 81.0 Time: 2024-01-07T17:57:36.808Z
2024-01-07T17:57:37.472Z - Temperature: 28.2 Time: 2024-01-07T17:57:37.469Z
2024-01-07T17:57:37.813Z - Humidity: 86.9 Time: 2024-01-07T17:57:37.809Z
2024-01-07T17:57:38.478Z - Temperature: 29.1 Time: 2024-01-07T17:57:38.470Z
2024-01-07T17:57:39.480Z - Temperature: 20.5 Time: 2024-01-07T17:57:39.471Z
2024-01-07T17:57:40.477Z - Temperature: 23.8 Time: 2024-01-07T17:57:40.471Z
2024-01-07T17:57:41.477Z - Temperature: 22.2 Time: 2024-01-07T17:57:41.471Z
2024-01-07T17:57:42.481Z - Temperature: 24.4 Time: 2024-01-07T17:57:42.477Z
2024-01-07T17:57:42.822Z - Humidity: 89.8 Time: 2024-01-07T17:57:42.818Z
2024-01-07T17:57:43.482Z - Temperature: 26.8 Time: 2024-01-07T17:57:43.478Z
2024-01-07T17:57:44.483Z - Temperature: 26.7 Time: 2024-01-07T17:57:44.479Z
2024-01-07T17:57:45.486Z - Temperature: 20.8 Time: 2024-01-07T17:57:45.481Z
2024-01-07T17:57:45.825Z - Humidity: 82.2 Time: 2024-01-07T17:57:45.820Z
2024-01-07T17:57:46.487Z - Temperature: 21.3 Time: 2024-01-07T17:57:46.483Z
2024-01-07T17:57:47.489Z - Temperature: 25.9 Time: 2024-01-07T17:57:47.484Z
2024-01-07T17:57:48.492Z - Temperature: 22.4 Time: 2024-01-07T17:57:48.485Z
2024-01-07T17:57:49.487Z - Temperature: 23.9 Time: 2024-01-07T17:57:49.486Z
2024-01-07T17:57:50.489Z - Temperature: 23.3 Time: 2024-01-07T17:57:50.488Z
2024-01-07T17:57:51.491Z - Temperature: 28.8 Time: 2024-01-07T17:57:51.490Z
2024-01-07T17:57:51.827Z - Humidity: 83.7 Time: 2024-01-07T17:57:51.824Z
2024-01-07T17:57:52.498Z - Temperature: 27.6 Time: 2024-01-07T17:57:52.490Z
2024-01-07T17:57:53.495Z - Temperature: 21.8 Time: 2024-01-07T17:57:53.492Z
2024-01-07T17:57:54.499Z - Temperature: 30.0 Time: 2024-01-07T17:57:54.492Z
2024-01-07T17:57:55.498Z - Temperature: 24.6 Time: 2024-01-07T17:57:55.493Z
2024-01-07T17:57:56.499Z - Temperature: 22.0 Time: 2024-01-07T17:57:56.495Z
2024-01-07T17:57:57.500Z - Temperature: 26.1 Time: 2024-01-07T17:57:57.496Z
2024-01-07T17:57:57.838Z - Humidity: 86.6 Time: 2024-01-07T17:57:57.833Z
2024-01-07T17:57:58.501Z - Temperature: 22.2 Time: 2024-01-07T17:57:58.498Z
2024-01-07T17:57:58.840Z - Humidity: 89.4 Time: 2024-01-07T17:57:58.835Z
2024-01-07T17:57:59.503Z - Temperature: 20.4 Time: 2024-01-07T17:57:59.498Z
2024-01-07T17:58:00.502Z - Temperature: 28.7 Time: 2024-01-07T17:58:00.499Z
2024-01-07T17:58:01.503Z - Temperature: 27.8 Time: 2024-01-07T17:58:01.500Z
2024-01-07T17:58:02.505Z - Temperature: 21.7 Time: 2024-01-07T17:58:02.502Z
2024-01-07T17:58:03.507Z - Temperature: 27.1 Time: 2024-01-07T17:58:03.503Z
2024-01-07T17:58:03.845Z - Humidity: 87.6 Time: 2024-01-07T17:58:03.840Z
2024-01-07T17:58:04.508Z - Temperature: 20.7 Time: 2024-01-07T17:58:04.505Z
2024-01-07T17:58:05.507Z - Temperature: 22.1 Time: 2024-01-07T17:58:05.505Z
2024-01-07T17:58:06.511Z - Temperature: 28.8 Time: 2024-01-07T17:58:06.507Z
2024-01-07T17:58:07.513Z - Temperature: 21.5 Time: 2024-01-07T17:58:07.509Z
2024-01-07T17:58:08.515Z - Temperature: 26.0 Time: 2024-01-07T17:58:08.510Z
2024-01-07T17:58:09.515Z - Temperature: 25.0 Time: 2024-01-07T17:58:09.511Z
2024-01-07T17:58:10.515Z - Temperature: 28.7 Time: 2024-01-07T17:58:10.513Z
2024-01-07T17:58:11.522Z - Temperature: 21.9 Time: 2024-01-07T17:58:11.514Z
2024-01-07T17:58:11.855Z - Humidity: 82.5 Time: 2024-01-07T17:58:11.851Z
2024-01-07T17:58:12.520Z - Temperature: 26.8 Time: 2024-01-07T17:58:12.517Z
2024-01-07T17:58:12.860Z - Humidity: 84.1 Time: 2024-01-07T17:58:12.853Z
2024-01-07T17:58:13.523Z - Temperature: 26.8 Time: 2024-01-07T17:58:13.517Z
2024-01-07T17:58:14.520Z - Temperature: 27.1 Time: 2024-01-07T17:58:14.518Z
2024-01-07T17:58:15.520Z - Temperature: 21.3 Time: 2024-01-07T17:58:15.518Z
2024-01-07T17:58:16.520Z - Temperature: 21.5 Time: 2024-01-07T17:58:16.519Z
2024-01-07T17:58:17.521Z - Temperature: 26.4 Time: 2024-01-07T17:58:17.519Z
2024-01-07T17:58:18.524Z - Temperature: 22.6 Time: 2024-01-07T17:58:18.521Z
2024-01-07T17:58:19.527Z - Temperature: 20.9 Time: 2024-01-07T17:58:19.522Z
2024-01-07T17:58:19.866Z - Humidity: 86.6 Time: 2024-01-07T17:58:19.861Z
2024-01-07T17:58:20.527Z - Temperature: 25.0 Time: 2024-01-07T17:58:20.523Z
2024-01-07T17:58:21.529Z - Temperature: 29.5 Time: 2024-01-07T17:58:21.524Z
2024-01-07T17:58:22.527Z - Temperature: 28.8 Time: 2024-01-07T17:58:22.525Z
2024-01-07T17:58:23.530Z - Temperature: 24.9 Time: 2024-01-07T17:58:23.526Z
2024-01-07T17:58:24.532Z - Temperature: 20.0 Time: 2024-01-07T17:58:24.527Z
2024-01-07T17:58:25.532Z - Temperature: 27.9 Time: 2024-01-07T17:58:25.528Z
2024-01-07T17:58:26.534Z - Temperature: 26.2 Time: 2024-01-07T17:58:26.529Z
2024-01-07T17:58:27.534Z - Temperature: 20.7 Time: 2024-01-07T17:58:27.530Z
2024-01-07T17:58:28.537Z - Temperature: 29.0 Time: 2024-01-07T17:58:28.531Z
2024-01-07T17:58:29.538Z - Temperature: 23.1 Time: 2024-01-07T17:58:29.532Z
2024-01-07T17:58:30.536Z - Temperature: 24.5 Time: 2024-01-07T17:58:30.533Z
2024-01-07T17:58:31.535Z - Temperature: 25.4 Time: 2024-01-07T17:58:31.534Z
2024-01-07T17:58:32.540Z - Temperature: 24.8 Time: 2024-01-07T17:58:32.534Z
2024-01-07T17:58:33.540Z - Temperature: 26.0 Time: 2024-01-07T17:58:33.535Z
2024-01-07T17:58:34.541Z - Temperature: 23.8 Time: 2024-01-07T17:58:34.536Z
2024-01-07T17:58:35.539Z - Temperature: 20.3 Time: 2024-01-07T17:58:35.537Z
2024-01-07T17:58:36.543Z - Temperature: 27.8 Time: 2024-01-07T17:58:36.539Z
2024-01-07T17:58:37.544Z - Temperature: 24.7 Time: 2024-01-07T17:58:37.540Z
2024-01-07T17:58:38.546Z - Temperature: 26.6 Time: 2024-01-07T17:58:38.541Z
2024-01-07T17:58:39.546Z - Temperature: 28.1 Time: 2024-01-07T17:58:39.542Z
2024-01-07T17:58:40.546Z - Temperature: 20.8 Time: 2024-01-07T17:58:40.544Z
2024-01-07T17:58:41.548Z - Temperature: 24.6 Time: 2024-01-07T17:58:41.545Z
2024-01-07T17:58:41.896Z - Humidity: 85.0 Time: 2024-01-07T17:58:41.891Z
2024-01-07T17:58:42.550Z - Temperature: 29.5 Time: 2024-01-07T17:58:42.545Z
2024-01-07T17:58:43.550Z - Temperature: 25.6 Time: 2024-01-07T17:58:43.546Z
2024-01-07T17:58:44.550Z - Temperature: 20.2 Time: 2024-01-07T17:58:44.546Z
2024-01-07T17:58:45.550Z - Temperature: 21.0 Time: 2024-01-07T17:58:45.548Z
2024-01-07T17:58:46.554Z - Temperature: 22.2 Time: 2024-01-07T17:58:46.548Z
2024-01-07T17:58:47.557Z - Temperature: 23.4 Time: 2024-01-07T17:58:47.550Z
2024-01-07T17:58:48.554Z - Temperature: 26.9 Time: 2024-01-07T17:58:48.551Z
2024-01-07T17:58:49.558Z - Temperature: 26.4 Time: 2024-01-07T17:58:49.553Z
2024-01-07T17:58:50.559Z - Temperature: 24.2 Time: 2024-01-07T17:58:50.554Z
2024-01-07T17:58:51.562Z - Temperature: 26.3 Time: 2024-01-07T17:58:51.555Z
2024-01-07T17:58:52.558Z - Temperature: 27.8 Time: 2024-01-07T17:58:52.557Z
2024-01-07T17:58:52.912Z - Humidity: 87.0 Time: 2024-01-07T17:58:52.910Z
2024-01-07T17:58:53.559Z - Temperature: 20.7 Time: 2024-01-07T17:58:53.557Z
2024-01-07T17:58:54.562Z - Temperature: 29.3 Time: 2024-01-07T17:58:54.559Z
2024-01-07T17:58:54.915Z - Humidity: 83.0 Time: 2024-01-07T17:58:54.912Z
2024-01-07T17:58:55.561Z - Temperature: 29.8 Time: 2024-01-07T17:58:55.560Z
2024-01-07T17:58:56.565Z - Temperature: 24.2 Time: 2024-01-07T17:58:56.560Z
2024-01-07T17:58:57.565Z - Temperature: 22.1 Time: 2024-01-07T17:58:57.561Z
2024-01-07T17:58:58.567Z - Temperature: 24.5 Time: 2024-01-07T17:58:58.562Z
2024-01-07T17:58:59.566Z - Temperature: 21.3 Time: 2024-01-07T17:58:59.562Z
2024-01-07T17:59:00.566Z - Temperature: 20.0 Time: 2024-01-07T17:59:00.563Z
2024-01-07T17:59:01.568Z - Temperature: 29.9 Time: 2024-01-07T17:59:01.564Z
2024-01-07T17:59:02.568Z - Temperature: 29.5 Time: 2024-01-07T17:59:02.565Z
2024-01-07T17:59:03.570Z - Temperature: 26.9 Time: 2024-01-07T17:59:03.566Z
2024-01-07T17:59:03.927Z - Humidity: 81.5 Time: 2024-01-07T17:59:03.925Z
2024-01-07T17:59:04.570Z - Temperature: 24.3 Time: 2024-01-07T17:59:04.567Z
2024-01-07T17:59:05.573Z - Temperature: 28.5 Time: 2024-01-07T17:59:05.568Z
2024-01-07T17:59:06.571Z - Temperature: 21.4 Time: 2024-01-07T17:59:06.569Z
2024-01-07T17:59:07.575Z - Temperature: 20.4 Time: 2024-01-07T17:59:07.570Z
2024-01-07T17:59:07.934Z - Humidity: 80.7 Time: 2024-01-07T17:59:07.931Z
2024-01-07T17:59:08.577Z - Temperature: 28.4 Time: 2024-01-07T17:59:08.572Z
2024-01-07T17:59:09.577Z - Temperature: 23.1 Time: 2024-01-07T17:59:09.573Z
2024-01-07T17:59:10.583Z - Temperature: 26.9 Time: 2024-01-07T17:59:10.574Z
2024-01-07T17:59:11.580Z - Temperature: 25.5 Time: 2024-01-07T17:59:11.575Z
2024-01-07T17:59:12.580Z - Temperature: 29.0 Time: 2024-01-07T17:59:12.577Z
2024-01-07T17:59:12.940Z - Humidity: 88.8 Time: 2024-01-07T17:59:12.937Z
2024-01-07T17:59:13.582Z - Temperature: 28.2 Time: 2024-01-07T17:59:13.577Z
2024-01-07T17:59:14.583Z - Temperature: 24.6 Time: 2024-01-07T17:59:14.578Z
2024-01-07T17:59:15.581Z - Temperature: 20.2 Time: 2024-01-07T17:59:15.579Z
2024-01-07T17:59:16.582Z - Temperature: 29.4 Time: 2024-01-07T17:59:16.579Z
2024-01-07T17:59:17.584Z - Temperature: 22.6 Time: 2024-01-07T17:59:17.580Z
2024-01-07T17:59:18.584Z - Temperature: 27.9 Time: 2024-01-07T17:59:18.582Z
2024-01-07T17:59:18.947Z - Humidity: 82.4 Time: 2024-01-07T17:59:18.945Z
2024-01-07T17:59:19.585Z - Temperature: 29.4 Time: 2024-01-07T17:59:19.583Z
2024-01-07T17:59:20.587Z - Temperature: 25.5 Time: 2024-01-07T17:59:20.583Z
2024-01-07T17:59:21.585Z - Temperature: 26.0 Time: 2024-01-07T17:59:21.583Z
2024-01-07T17:59:22.586Z - Temperature: 23.1 Time: 2024-01-07T17:59:22.584Z
2024-01-07T17:59:23.589Z - Temperature: 26.7 Time: 2024-01-07T17:59:23.585Z
2024-01-07T17:59:23.955Z - Humidity: 85.2 Time: 2024-01-07T17:59:23.951Z
2024-01-07T17:59:24.590Z - Temperature: 27.4 Time: 2024-01-07T17:59:24.586Z
2024-01-07T17:59:24.955Z - Humidity: 88.2 Time: 2024-01-07T17:59:24.951Z
2024-01-07T17:59:25.592Z - Temperature: 22.1 Time: 2024-01-07T17:59:25.588Z
2024-01-07T17:59:26.593Z - Temperature: 28.9 Time: 2024-01-07T17:59:26.589Z
2024-01-07T17:59:27.595Z - Temperature: 23.8 Time: 2024-01-07T17:59:27.590Z
2024-01-07T17:59:28.601Z - Temperature: 23.0 Time: 2024-01-07T17:59:28.592Z
2024-01-07T17:59:29.599Z - Temperature: 29.8 Time: 2024-01-07T17:59:29.594Z
2024-01-07T17:59:30.599Z - Temperature: 26.1 Time: 2024-01-07T17:59:30.595Z
2024-01-07T17:59:31.601Z - Temperature: 25.2 Time: 2024-01-07T17:59:31.597Z
2024-01-07T17:59:32.602Z - Temperature: 22.0 Time: 2024-01-07T17:59:32.598Z
2024-01-07T17:59:33.603Z - Temperature: 25.2 Time: 2024-01-07T17:59:33.599Z
2024-01-07T17:59:34.603Z - Temperature: 21.7 Time: 2024-01-07T17:59:34.600Z
2024-01-07T17:59:35.606Z - Temperature: 21.3 Time: 2024-01-07T17:59:35.601Z
2024-01-07T17:59:35.970Z - Humidity: 87.3 Time: 2024-01-07T17:59:35.965Z
2024-01-07T17:59:36.608Z - Temperature: 29.8 Time: 2024-01-07T17:59:36.603Z
2024-01-07T17:59:37.609Z - Temperature: 21.0 Time: 2024-01-07T17:59:37.605Z
2024-01-07T17:59:38.615Z - Temperature: 24.3 Time: 2024-01-07T17:59:38.606Z
2024-01-07T17:59:39.609Z - Temperature: 21.0 Time: 2024-01-07T17:59:39.607Z
2024-01-07T17:59:40.614Z - Temperature: 20.7 Time: 2024-01-07T17:59:40.607Z
2024-01-07T17:59:41.611Z - Temperature: 29.7 Time: 2024-01-07T17:59:41.608Z
2024-01-07T17:59:42.613Z - Temperature: 21.1 Time: 2024-01-07T17:59:42.610Z
2024-01-07T17:59:43.615Z - Temperature: 20.6 Time: 2024-01-07T17:59:43.611Z
2024-01-07T17:59:44.617Z - Temperature: 26.6 Time: 2024-01-07T17:59:44.612Z
2024-01-07T17:59:45.621Z - Temperature: 23.1 Time: 2024-01-07T17:59:45.614Z
2024-01-07T17:59:45.980Z - Humidity: 87.4 Time: 2024-01-07T17:59:45.974Z
2024-01-07T17:59:46.618Z - Temperature: 29.8 Time: 2024-01-07T17:59:46.614Z
2024-01-07T17:59:47.621Z - Temperature: 29.0 Time: 2024-01-07T17:59:47.615Z
2024-01-07T17:59:47.980Z - Humidity: 87.0 Time: 2024-01-07T17:59:47.975Z
2024-01-07T17:59:48.617Z - Temperature: 25.7 Time: 2024-01-07T17:59:48.615Z
2024-01-07T17:59:48.980Z - Humidity: 85.4 Time: 2024-01-07T17:59:48.977Z
2024-01-07T17:59:49.621Z - Temperature: 27.8 Time: 2024-01-07T17:59:49.616Z
2024-01-07T17:59:50.624Z - Temperature: 20.3 Time: 2024-01-07T17:59:50.621Z
2024-01-07T17:59:51.627Z - Temperature: 20.2 Time: 2024-01-07T17:59:51.622Z
2024-01-07T17:59:51.985Z - Humidity: 81.6 Time: 2024-01-07T17:59:51.981Z
2024-01-07T17:59:52.627Z - Temperature: 21.2 Time: 2024-01-07T17:59:52.623Z
2024-01-07T17:59:53.624Z - Temperature: 21.9 Time: 2024-01-07T17:59:53.623Z
2024-01-07T17:59:54.628Z - Temperature: 27.6 Time: 2024-01-07T17:59:54.624Z
2024-01-07T17:59:55.631Z - Temperature: 26.4 Time: 2024-01-07T17:59:55.627Z
2024-01-07T17:59:56.631Z - Temperature: 20.3 Time: 2024-01-07T17:59:56.628Z
2024-01-07T17:59:57.632Z - Temperature: 29.0 Time: 2024-01-07T17:59:57.629Z
2024-01-07T17:59:58.638Z - Temperature: 23.0 Time: 2024-01-07T17:59:58.631Z
2024-01-07T17:59:58.991Z - Humidity: 82.9 Time: 2024-01-07T17:59:58.988Z
2024-01-07T17:59:59.635Z - Temperature: 20.7 Time: 2024-01-07T17:59:59.632Z
2024-01-07T18:00:00.637Z - Temperature: 22.8 Time: 2024-01-07T18:00:00.632Z
2024-01-07T18:00:01.639Z - Temperature: 24.0 Time: 2024-01-07T18:00:01.633Z
2024-01-07T18:00:02.638Z - Temperature: 29.2 Time: 2024-01-07T18:00:02.634Z
2024-01-07T18:00:03.639Z - Temperature: 20.9 Time: 2024-01-07T18:00:03.636Z
2024-01-07T18:00:04.638Z - Temperature: 20.3 Time: 2024-01-07T18:00:04.636Z
2024-01-07T18:00:05.641Z - Temperature: 20.5 Time: 2024-01-07T18:00:05.637Z
2024-01-07T18:00:06.004Z - Humidity: 86.9 Time: 2024-01-07T18:00:05.999Z
2024-01-07T18:00:06.643Z - Temperature: 24.1 Time: 2024-01-07T18:00:06.639Z
2024-01-07T18:00:07.005Z - Humidity: 83.0 Time: 2024-01-07T18:00:07.001Z
2024-01-07T18:00:07.644Z - Temperature: 28.6 Time: 2024-01-07T18:00:07.640Z
2024-01-07T18:00:08.006Z - Humidity: 85.8 Time: 2024-01-07T18:00:08.002Z
2024-01-07T18:00:08.644Z - Temperature: 22.7 Time: 2024-01-07T18:00:08.640Z
2024-01-07T18:00:09.646Z - Temperature: 23.7 Time: 2024-01-07T18:00:09.641Z
2024-01-07T18:00:10.648Z - Temperature: 24.6 Time: 2024-01-07T18:00:10.643Z
2024-01-07T18:00:11.648Z - Temperature: 28.5 Time: 2024-01-07T18:00:11.644Z
2024-01-07T18:00:12.649Z - Temperature: 21.1 Time: 2024-01-07T18:00:12.645Z
2024-01-07T18:00:13.013Z - Humidity: 84.5 Time: 2024-01-07T18:00:13.008Z
2024-01-07T18:00:13.650Z - Temperature: 29.9 Time: 2024-01-07T18:00:13.646Z
2024-01-07T18:00:14.654Z - Temperature: 28.5 Time: 2024-01-07T18:00:14.648Z
2024-01-07T18:00:15.651Z - Temperature: 28.3 Time: 2024-01-07T18:00:15.648Z
2024-01-07T18:00:16.654Z - Temperature: 29.5 Time: 2024-01-07T18:00:16.650Z
2024-01-07T18:00:17.655Z - Temperature: 20.1 Time: 2024-01-07T18:00:17.651Z
2024-01-07T18:00:18.656Z - Temperature: 23.2 Time: 2024-01-07T18:00:18.651Z
2024-01-07T18:00:19.657Z - Temperature: 24.0 Time: 2024-01-07T18:00:19.652Z
2024-01-07T18:00:20.656Z - Temperature: 22.4 Time: 2024-01-07T18:00:20.653Z
2024-01-07T18:00:21.658Z - Temperature: 22.3 Time: 2024-01-07T18:00:21.654Z
2024-01-07T18:00:22.657Z - Temperature: 21.6 Time: 2024-01-07T18:00:22.655Z
2024-01-07T18:00:23.661Z - Temperature: 21.6 Time: 2024-01-07T18:00:23.657Z
